  fungYangCs301SimMain.cpp
\\files.auckland.ac.nz\myhome\Documents\301\demo\demo\FungYangCs301PacmanUseLib\fungYangCs301SimMain.cpp(103,25): warning C4305: '=': truncation from 'double' to 'float'
\\files.auckland.ac.nz\myhome\Documents\301\demo\demo\FungYangCs301PacmanUseLib\fungYangCs301SimMain.cpp(105,34): warning C4305: '=': truncation from 'double' to 'float'
\\files.auckland.ac.nz\myhome\Documents\301\demo\demo\FungYangCs301PacmanUseLib\fungYangCs301SimMain.cpp(129,22): warning C4244: 'initializing': conversion from 'double' to 'float', possible loss of data
\\files.auckland.ac.nz\myhome\Documents\301\demo\demo\FungYangCs301PacmanUseLib\fungYangCs301SimMain.cpp(176,23): warning C4244: '=': conversion from 'int' to 'float', possible loss of data
\\files.auckland.ac.nz\myhome\Documents\301\demo\demo\FungYangCs301PacmanUseLib\fungYangCs301SimMain.cpp(179,46): warning C4244: '=': conversion from 'int' to 'float', possible loss of data
\\files.auckland.ac.nz\myhome\Documents\301\demo\demo\FungYangCs301PacmanUseLib\fungYangCs301SimMain.cpp(181,37): warning C4244: '=': conversion from 'float' to 'int', possible loss of data
\\files.auckland.ac.nz\myhome\Documents\301\demo\demo\FungYangCs301PacmanUseLib\fungYangCs301SimMain.cpp(188,23): warning C4244: '=': conversion from 'int' to 'float', possible loss of data
\\files.auckland.ac.nz\myhome\Documents\301\demo\demo\FungYangCs301PacmanUseLib\fungYangCs301SimMain.cpp(191,46): warning C4244: '=': conversion from 'int' to 'float', possible loss of data
\\files.auckland.ac.nz\myhome\Documents\301\demo\demo\FungYangCs301PacmanUseLib\fungYangCs301SimMain.cpp(193,37): warning C4244: '=': conversion from 'float' to 'int', possible loss of data
\\files.auckland.ac.nz\myhome\Documents\301\demo\demo\FungYangCs301PacmanUseLib\fungYangCs301SimMain.cpp(380,52): warning C4244: 'argument': conversion from 'double' to 'float', possible loss of data
\\files.auckland.ac.nz\myhome\Documents\301\demo\demo\FungYangCs301PacmanUseLib\fungYangCs301SimMain.cpp(386,52): warning C4244: 'argument': conversion from 'double' to 'float', possible loss of data
\\files.auckland.ac.nz\myhome\Documents\301\demo\demo\FungYangCs301PacmanUseLib\fungYangCs301SimMain.cpp(394,52): warning C4244: 'argument': conversion from 'double' to 'float', possible loss of data
\\files.auckland.ac.nz\myhome\Documents\301\demo\demo\FungYangCs301PacmanUseLib\fungYangCs301SimMain.cpp(400,52): warning C4244: 'argument': conversion from 'double' to 'float', possible loss of data
\\files.auckland.ac.nz\myhome\Documents\301\demo\demo\FungYangCs301PacmanUseLib\fungYangCs301SimMain.cpp(408,52): warning C4244: 'argument': conversion from 'double' to 'float', possible loss of data
\\files.auckland.ac.nz\myhome\Documents\301\demo\demo\FungYangCs301PacmanUseLib\fungYangCs301SimMain.cpp(414,52): warning C4244: 'argument': conversion from 'double' to 'float', possible loss of data
\\files.auckland.ac.nz\myhome\Documents\301\demo\demo\FungYangCs301PacmanUseLib\fungYangCs301SimMain.cpp(422,52): warning C4244: 'argument': conversion from 'double' to 'float', possible loss of data
\\files.auckland.ac.nz\myhome\Documents\301\demo\demo\FungYangCs301PacmanUseLib\fungYangCs301SimMain.cpp(428,52): warning C4244: 'argument': conversion from 'double' to 'float', possible loss of data
  Generating code
  31 of 1144 functions ( 2.7%) were compiled, the rest were copied from previous compilation.
    0 functions were new in current compilation
    23 functions had inline decision re-evaluated but remain unchanged
  Finished generating code
FungYangCs301PacmenRobotSimGameLib.lib(gameManager.obj) : warning LNK4099: PDB 'FungYangCs301PacmenRobotSimGameLib.pdb' was not found with 'FungYangCs301PacmenRobotSimGameLib.lib(gameManager.obj)' or at '\\files.auckland.ac.nz\myhome\Documents\301\demo\demo\Release\FungYangCs301PacmenRobotSimGameLib.pdb'; linking object as if no debug info
FungYangCs301PacmenRobotSimGameLib.lib(highPerformanceTimer.obj) : warning LNK4099: PDB 'FungYangCs301PacmenRobotSimGameLib.pdb' was not found with 'FungYangCs301PacmenRobotSimGameLib.lib(highPerformanceTimer.obj)' or at '\\files.auckland.ac.nz\myhome\Documents\301\demo\demo\Release\FungYangCs301PacmenRobotSimGameLib.pdb'; linking object as if no debug info
FungYangCs301PacmenRobotSimGameLib.lib(mainFungGLAppEngin.obj) : warning LNK4099: PDB 'FungYangCs301PacmenRobotSimGameLib.pdb' was not found with 'FungYangCs301PacmenRobotSimGameLib.lib(mainFungGLAppEngin.obj)' or at '\\files.auckland.ac.nz\myhome\Documents\301\demo\demo\Release\FungYangCs301PacmenRobotSimGameLib.pdb'; linking object as if no debug info
FungYangCs301PacmenRobotSimGameLib.lib(Geometry.obj) : warning LNK4099: PDB 'FungYangCs301PacmenRobotSimGameLib.pdb' was not found with 'FungYangCs301PacmenRobotSimGameLib.lib(Geometry.obj)' or at '\\files.auckland.ac.nz\myhome\Documents\301\demo\demo\Release\FungYangCs301PacmenRobotSimGameLib.pdb'; linking object as if no debug info
FungYangCs301PacmenRobotSimGameLib.lib(my_GL_Draw_Funcs.obj) : warning LNK4099: PDB 'FungYangCs301PacmenRobotSimGameLib.pdb' was not found with 'FungYangCs301PacmenRobotSimGameLib.lib(my_GL_Draw_Funcs.obj)' or at '\\files.auckland.ac.nz\myhome\Documents\301\demo\demo\Release\FungYangCs301PacmenRobotSimGameLib.pdb'; linking object as if no debug info
FungYangCs301PacmenRobotSimGameLib.lib(mazeGen.obj) : warning LNK4099: PDB 'FungYangCs301PacmenRobotSimGameLib.pdb' was not found with 'FungYangCs301PacmenRobotSimGameLib.lib(mazeGen.obj)' or at '\\files.auckland.ac.nz\myhome\Documents\301\demo\demo\Release\FungYangCs301PacmenRobotSimGameLib.pdb'; linking object as if no debug info
FungYangCs301PacmenRobotSimGameLib.lib(AStarManager.obj) : warning LNK4099: PDB 'FungYangCs301PacmenRobotSimGameLib.pdb' was not found with 'FungYangCs301PacmenRobotSimGameLib.lib(AStarManager.obj)' or at '\\files.auckland.ac.nz\myhome\Documents\301\demo\demo\Release\FungYangCs301PacmenRobotSimGameLib.pdb'; linking object as if no debug info
FungYangCs301PacmenRobotSimGameLib.lib(texture.obj) : warning LNK4099: PDB 'FungYangCs301PacmenRobotSimGameLib.pdb' was not found with 'FungYangCs301PacmenRobotSimGameLib.lib(texture.obj)' or at '\\files.auckland.ac.nz\myhome\Documents\301\demo\demo\Release\FungYangCs301PacmenRobotSimGameLib.pdb'; linking object as if no debug info
FungYangCs301PacmenRobotSimGameLib.lib(Lighting.obj) : warning LNK4099: PDB 'FungYangCs301PacmenRobotSimGameLib.pdb' was not found with 'FungYangCs301PacmenRobotSimGameLib.lib(Lighting.obj)' or at '\\files.auckland.ac.nz\myhome\Documents\301\demo\demo\Release\FungYangCs301PacmenRobotSimGameLib.pdb'; linking object as if no debug info
FungYangCs301PacmenRobotSimGameLib.lib(Utilities.obj) : warning LNK4099: PDB 'FungYangCs301PacmenRobotSimGameLib.pdb' was not found with 'FungYangCs301PacmenRobotSimGameLib.lib(Utilities.obj)' or at '\\files.auckland.ac.nz\myhome\Documents\301\demo\demo\Release\FungYangCs301PacmenRobotSimGameLib.pdb'; linking object as if no debug info
FungYangCs301PacmenRobotSimGameLib.lib(PathFinder.obj) : warning LNK4099: PDB 'FungYangCs301PacmenRobotSimGameLib.pdb' was not found with 'FungYangCs301PacmenRobotSimGameLib.lib(PathFinder.obj)' or at '\\files.auckland.ac.nz\myhome\Documents\301\demo\demo\Release\FungYangCs301PacmenRobotSimGameLib.pdb'; linking object as if no debug info
  FungYangCs301PacmanUseLib.vcxproj -> \\files.auckland.ac.nz\myhome\Documents\301\demo\demo\Release\FungYangCs301PacmanUseLib.exe
